\BOOKMARK [1][-]{section.1}{\376\377\000P\000r\000o\000b\000a\000b\000i\000l\000i\000t\000\351\000\040\000d\000'\000i\000n\000v\000e\000r\000s\000i\000b\000i\000l\000i\000t\000\351\000\040\000d\000'\000u\000n\000e\000\040\000m\000a\000t\000r\000i\000c\000e\000\040\000M\000\040\0001\0000\000\050\000\040\000[\000[\0000\000,\000\040\0005\000]\000]\000\051}{}% 1
\BOOKMARK [1][-]{section.2}{\376\377\000C\000o\000m\000p\000a\000r\000a\000i\000s\000o\000n\000\040\000d\000e\000\040\0004\000\040\000m\000\351\000t\000h\000o\000d\000e\000s\000\040\000p\000o\000u\000r\000\040\000c\000a\000l\000c\000u\000l\000e\000r\000\040\000l\000'\000i\000n\000v\000e\000r\000s\000e\000\040\000d\000'\000u\000n\000e\000\040\000m\000a\000t\000r\000i\000c\000e}{}% 2
\BOOKMARK [2][-]{subsection.2.1}{\376\377\000U\000t\000i\000l\000i\000s\000a\000t\000i\000o\000n\000\040\000d\000e\000\040\000l\000a\000\040\000f\000o\000r\000m\000u\000l\000e}{section.2}% 3
\BOOKMARK [3][-]{subsubsection.2.1.1}{\376\377\000C\000a\000l\000c\000u\000l\000a\000t\000i\000o\000n\000\040\000d\000u\000\040\000\050\000A\000\051}{subsection.2.1}% 4
\BOOKMARK [3][-]{subsubsection.2.1.2}{\376\377\000C\000a\000l\000c\000u\000l\000a\000t\000i\000o\000n\000\040\000d\000e\000\040\000t\000\040\000C\000o\000m\000\050\000A\000\051}{subsection.2.1}% 5
\BOOKMARK [3][-]{subsubsection.2.1.3}{\376\377\000D\000i\000v\000i\000s\000i\000o\000n\000\040\000p\000a\000r\000\040\000\050\000A\000\051}{subsection.2.1}% 6
\BOOKMARK [3][-]{subsubsection.2.1.4}{\376\377\000C\000o\000n\000c\000l\000u\000s\000i\000o\000n}{subsection.2.1}% 7
\BOOKMARK [2][-]{subsection.2.2}{\376\377\000R\000\351\000s\000o\000l\000u\000t\000i\000o\000n\000\040\000p\000a\000r\000\040\000l\000'\000a\000l\000g\000o\000r\000i\000t\000h\000m\000e\000\040\000d\000e\000\040\000G\000a\000u\000s\000s}{section.2}% 8
\BOOKMARK [3][-]{subsubsection.2.2.1}{\376\377\000A\000u\000g\000m\000e\000n\000t\000a\000t\000i\000o\000n\000\040\000d\000e\000\040\000l\000a\000\040\000m\000a\000t\000r\000i\000c\000e}{subsection.2.2}% 9
\BOOKMARK [3][-]{subsubsection.2.2.2}{\376\377\000T\000r\000a\000n\000s\000f\000o\000r\000m\000a\000t\000i\000o\000n\000\040\000d\000e\000s\000\040\000p\000a\000r\000t\000i\000e\000s}{subsection.2.2}% 10
\BOOKMARK [3][-]{subsubsection.2.2.3}{\376\377\000T\000r\000a\000n\000s\000f\000o\000r\000m\000a\000t\000i\000o\000n\000\040\000d\000e\000\040\000l\000a\000\040\000p\000a\000r\000t\000i\000e\000\040\000g\000a\000u\000c\000h\000e\000\040\000e\000n\000\040\000u\000n\000e\000\040\000m\000a\000t\000r\000i\000c\000e\000\040\000d\000'\000i\000d\000e\000n\000t\000i\000t\000\351}{subsection.2.2}% 11
\BOOKMARK [3][-]{subsubsection.2.2.4}{\376\377\000C\000o\000n\000c\000l\000u\000s\000i\000o\000n}{subsection.2.2}% 12
\BOOKMARK [2][-]{subsection.2.3}{\376\377\000T\000r\000i\000a\000n\000g\000u\000l\000a\000i\000r\000e}{section.2}% 13
\BOOKMARK [2][-]{subsection.2.4}{\376\377\000D\000\351\000c\000o\000m\000p\000o\000s\000i\000t\000i\000o\000n\000\040\000Q\000R}{section.2}% 14
\BOOKMARK [3][-]{subsubsection.2.4.1}{\376\377\000D\000\351\000c\000o\000m\000p\000o\000s\000i\000t\000i\000o\000n\000\040\000e\000n\000\040\000d\000i\000x\000\040\000s\000y\000s\000t\000\350\000m\000e\000s\000\040\000l\000i\000n\000\351\000a\000i\000r\000e\000s}{subsection.2.4}% 15
\BOOKMARK [3][-]{subsubsection.2.4.2}{\376\377\000M\000\351\000t\000h\000o\000d\000e\000\040\000d\000e\000\040\000G\000r\000a\000m\000-\000S\000c\000h\000m\000i\000d\000t}{subsection.2.4}% 16
\BOOKMARK [3][-]{subsubsection.2.4.3}{\376\377\000C\000o\000n\000s\000t\000r\000u\000c\000t\000i\000o\000n\000\040\000d\000e\000\040\000l\000'\000\351\000q\000u\000a\000t\000i\000o\000n}{subsection.2.4}% 17
\BOOKMARK [3][-]{subsubsection.2.4.4}{\376\377\000R\000\351\000s\000o\000l\000u\000t\000i\000o\000n\000\040\000d\000'\000u\000n\000\040\000s\000y\000s\000t\000\350\000m\000e\000\040\000t\000r\000i\000a\000n\000g\000u\000l\000a\000i\000r\000e}{subsection.2.4}% 18
\BOOKMARK [3][-]{subsubsection.2.4.5}{\376\377\000C\000o\000n\000c\000l\000u\000s\000i\000o\000n}{subsection.2.4}% 19
\BOOKMARK [1][-]{section.3}{\376\377\000C\000o\000n\000c\000l\000u\000s\000i\000o\000n}{}% 20
